make all --print-data-base --no-builtin-variables --no-builtin-rules --question
# GNU Make 3.81
# Copyright (C) 2006  Free Software Foundation, Inc.
# This is free software; see the source for copying conditions.
# There is NO warranty; not even for MERCHANTABILITY or FITNESS FOR A
# PARTICULAR PURPOSE.

# This program built for i386-apple-darwin11.3.0
 

# Make data base, printed on Wed Oct  5 16:55:29 2022

# Variables

# automatic
 
<D = $(patsubst %/,%,$(dir $<))
# automatic
?F = $(notdir $?)
# environment
VSCODE_LOG_NATIVE = false
# makefile (from `Makefile', line 77)
BONUS_OBJECTS = $(addsuffix .o, $(BONUS))
# automatic
?D = $(patsubst %/,%,$(dir $?))
# automatic
@D = $(patsubst %/,%,$(dir $@))
# automatic
@F = $(notdir $@)
# makefile
CURDIR := /Users/seongwch/Desktop/seongwch-git/prtf/libft
# makefile
SHELL = /bin/sh
# makefile (from `Makefile', line 17)
RM = rm -f
# environment
VSCODE_NLS_CONFIG = {"locale":"ko","availableLanguages":{"*":"ko"},"_languagePackId":"26f3b44ea4f1e942cca002e9545643cc.ko","_translationsConfigFile":"/Users/seongwch/Library/Application Support/Code/clp/26f3b44ea4f1e942cca002e9545643cc.ko/tcf.json","_cacheRoot":"/Users/seongwch/Library/Application Support/Code/clp/26f3b44ea4f1e942cca002e9545643cc.ko","_resolvedLanguagePackCoreLocation":"/Users/seongwch/Library/Application Support/Code/clp/26f3b44ea4f1e942cca002e9545643cc.ko/30d9c6cd9483b2cc586687151bcbcd635f373630","_corruptedFile":"/Users/seongwch/Library/Application Support/Code/clp/26f3b44ea4f1e942cca002e9545643cc.ko/corrupted.info","_languagePackSupport":true}
# environment
_ = /usr/bin/make
# makefile (from `Makefile', line 14)
CFLAGS = -Wall -Wextra -Werror -c
# makefile (from `Makefile', line 1)
MAKEFILE_LIST :=  Makefile
# makefile (from `Makefile', line 45)
PART2 = ft_itoa ft_putchar_fd ft_putendl_fd ft_putnbr_fd ft_putstr_fd ft_split ft_striteri ft_strjoin ft_strmapi ft_strtrim ft_substr
# makefile (from `Makefile', line 70)
PART1_SRCS = $(addsuffix .c, $(PART1))
# environment
VSCODE_VERBOSE_LOGGING = true
# makefile (from `Makefile', line 57)
BONUS = ft_lstadd_back ft_lstclear ft_lstiter ft_lstsize ft_lstadd_front ft_lstdelone ft_lstlast ft_lstnew ft_lstmap
# environment
VSCODE_IPC_HOOK_EXTHOST = /var/folders/zz/zyxvpxvq6csfxvn_n000cmgw00353z/T/vscode-ipc-c8287676-3bed-4b73-9a8b-89ec2b65b292.sock
# environment
VSCODE_CWD = /
# environment
PATH = /Users/seongwch/goinfre/.brew/bin:/Users/seongwch/goinfre/.brew/bin:/usr/local/bin:/usr/bin:/bin:/usr/sbin:/sbin:/usr/local/munki
# environment
LSCOLORS = Gxfxcxdxbxegedabagacad
# makefile (from `Makefile', line 16)
ARFLAGS = rs
# makefile (from `Makefile', line 73)
PART2_SRCS = $(addsuffix .c, $(PART2))
# makefile (from `Makefile', line 15)
AR = ar
# environment
VSCODE_LOG_STACK = false
# environment
ELECTRON_RUN_AS_NODE = 1
# default
.FEATURES := target-specific order-only second-expansion else-if archives jobserver check-symlink
# environment
SSH_AUTH_SOCK = /private/tmp/com.apple.launchd.nxD4SecORU/Listeners
# automatic
%F = $(notdir $%)
# makefile (from `Makefile', line 76)
BONUS_SRCS = $(addsuffix .c, $(BONUS))
# environment
VSCODE_PIPE_LOGGING = true
# environment
PWD = /Users/seongwch/Desktop/seongwch-git/prtf/libft
# environment
ORIGINAL_XDG_CURRENT_DESKTOP = undefined
# environment
VSCODE_AMD_ENTRYPOINT = vs/workbench/api/node/extensionHostProcess
# environment
HOME = /Users/seongwch
# default
MAKEFILEPATH := /Applications/Xcode.app/Contents/Developer/Makefiles
# environment
VSCODE_CODE_CACHE_PATH = /Users/seongwch/Library/Application Support/Code/CachedData/30d9c6cd9483b2cc586687151bcbcd635f373630
# environment
LOGNAME = seongwch
# environment
APPLICATION_INSIGHTS_NO_DIAGNOSTIC_CHANNEL = 1
# environment
ZSH = /Users/seongwch/.oh-my-zsh
# environment
VSCODE_HANDLES_UNCAUGHT_ERRORS = true
# automatic
^D = $(patsubst %/,%,$(dir $^))
# environment
XPC_FLAGS = 0x0
# default
MAKE = $(MAKE_COMMAND)
# default
MAKECMDGOALS := all
# environment
SHLVL = 1
# makefile (from `Makefile', line 13)
CC = gcc
# default
MAKE_VERSION := 3.81
# environment
USER = seongwch
# makefile
.DEFAULT_GOAL := all
# makefile (from `Makefile', line 18)
NAME = libft.a
# environment
LESS = -R
# automatic
%D = $(patsubst %/,%,$(dir $%))
# default
MAKE_COMMAND := /Applications/Xcode.app/Contents/Developer/usr/bin/make
# default
.VARIABLES := 
# environment
TMPDIR = /var/folders/zz/zyxvpxvq6csfxvn_n000cmgw00353z/T/
# automatic
*F = $(notdir $*)
# environment
VSCODE_IPC_HOOK = /Users/seongwch/Library/Application Support/Code/1.68.1-main.sock
# makefile
MAKEFLAGS = Rrqp
# environment
MFLAGS = -Rrqp
# automatic
*D = $(patsubst %/,%,$(dir $*))
# environment
MAIL = seongwch@student.42seoul.kr
# environment
XPC_SERVICE_NAME = com.microsoft.VSCode.2428
# automatic
+D = $(patsubst %/,%,$(dir $+))
# automatic
+F = $(notdir $+)
# environment
__CF_USER_TEXT_ENCODING = 0x1947F:0x0:0x0
# makefile (from `Makefile', line 71)
PART1_OBJECTS = $(addsuffix .o, $(PART1))
# default
MAKEFILES := 
# automatic
<F = $(notdir $<)
# environment
PAGER = less
# environment
LC_ALL = C
# automatic
^F = $(notdir $^)
# default
SUFFIXES := 
# makefile (from `Makefile', line 21)
PART1 = ft_atoi ft_isascii ft_memcmp ft_strchr ft_strncmp ft_toupper ft_bzero ft_isdigit ft_memcpy ft_strlcat ft_strnstr ft_isalnum ft_isprint ft_memmove ft_strlcpy ft_strrchr ft_isalpha ft_memchr ft_memset ft_strlen ft_tolower ft_strdup ft_calloc
# default
.INCLUDE_DIRS = /usr/local/include
# environment
MAKELEVEL := 0
# makefile (from `Makefile', line 82)
OBJECTS = $(PART1_OBJECTS) $(PART2_OBJECTS)
# makefile (from `Makefile', line 74)
PART2_OBJECTS = $(addsuffix .o, $(PART2))
# environment
LANG = C
# environment
VSCODE_PID = 2374
# variable set hash-table stats:
 
# Load=81/1024=8%, Rehash=0, Collisions=4/117=3%

# Pattern-specific Variable Values

# No pattern-specific variable values.

# Directories

# . (device 16777225, inode 2043404): 49 files, no impossibilities.

# 49 files, no impossibilities in 1 directories.

# Implicit Rules

%.o: %.c
#  commands to execute (from `Makefile', line 86):
	$(CC) $(CFLAGS) $^
	

# 1 implicit rules, 0 (0.0%) terminal.

# Files

# Not a target:
ft_strmapi.o:
#  Implicit rule search has not been done.
#  Modification time never checked.
#  File has not been updated.

# Not a target:
ft_memcpy.o:
#  Implicit rule search has not been done.
#  Modification time never checked.
#  File has not been updated.

# Not a target:
ft_itoa.o:
#  Implicit rule search has not been done.
#  Modification time never checked.
#  File has not been updated.

# Not a target:
ft_memcmp.o:
#  Implicit rule search has not been done.
#  Modification time never checked.
#  File has not been updated.

# Not a target:
ft_strlen.o:
#  Implicit rule search has not been done.
#  Modification time never checked.
#  File has not been updated.

# Not a target:
ft_isdigit.o:
#  Implicit rule search has not been done.
#  Modification time never checked.
#  File has not been updated.

all: libft.a
#  Phony target (prerequisite of .PHONY).
#  Command-line target.
#  Implicit rule search has not been done.
#  File does not exist.
#  File has been updated.
#  Needs to be updated (-q is set).
# variable set hash-table stats:
# Load=0/32=0%, Rehash=0, Collisions=0/4=0%

# Not a target:
ft_memchr.o:
#  Implicit rule search has not been done.
#  Modification time never checked.
#  File has not been updated.

.PHONY: all bonus re fclean clean
#  Implicit rule search has not been done.
#  Modification time never checked.
#  File has not been updated.

# Not a target:
ft_tolower.o:
#  Implicit rule search has not been done.
#  Modification time never checked.
#  File has not been updated.

# Not a target:
ft_strrchr.o:
#  Implicit rule search has not been done.
#  Modification time never checked.
#  File has not been updated.

# Not a target:
ft_strjoin.o:
#  Implicit rule search has not been done.
#  Modification time never checked.
#  File has not been updated.

# Not a target:
ft_split.o:
#  Implicit rule search has not been done.
#  Modification time never checked.
#  File has not been updated.

# Not a target:
ft_strlcat.o:
#  Implicit rule search has not been done.
#  Modification time never checked.
#  File has not been updated.

# Not a target:
ft_atoi.c:
#  Implicit rule search has been done.
#  Last modified 2022-09-21 15:25:09
#  File has been updated.
#  Successfully updated.
# variable set hash-table stats:
# Load=0/32=0%, Rehash=0, Collisions=0/0=0%

# Not a target:
.SUFFIXES:
#  Implicit rule search has not been done.
#  Modification time never checked.
#  File has not been updated.

# Not a target:
Makefile:
#  Implicit rule search has been done.
#  Last modified 2022-09-21 15:25:09
#  File has been updated.
#  Successfully updated.
# variable set hash-table stats:
# Load=0/32=0%, Rehash=0, Collisions=0/0=0%

# Not a target:
ft_isprint.o:
#  Implicit rule search has not been done.
#  Modification time never checked.
#  File has not been updated.

libft.a: ft_atoi.o ft_isascii.o ft_memcmp.o ft_strchr.o ft_strncmp.o ft_toupper.o ft_bzero.o ft_isdigit.o ft_memcpy.o ft_strlcat.o ft_strnstr.o ft_isalnum.o ft_isprint.o ft_memmove.o ft_strlcpy.o ft_strrchr.o ft_isalpha.o ft_memchr.o ft_memset.o ft_strlen.o ft_tolower.o ft_strdup.o ft_calloc.o ft_itoa.o ft_putchar_fd.o ft_putendl_fd.o ft_putnbr_fd.o ft_putstr_fd.o ft_split.o ft_striteri.o ft_strjoin.o ft_strmapi.o ft_strtrim.o ft_substr.o
#  Implicit rule search has not been done.
#  File does not exist.
#  File has been updated.
#  Needs to be updated (-q is set).
# variable set hash-table stats:
# Load=0/32=0%, Rehash=0, Collisions=0/4=0%
#  commands to execute (from `Makefile', line 89):
	$(AR) $(ARFLAGS) $@ $^
	

# Not a target:
ft_striteri.o:
#  Implicit rule search has not been done.
#  Modification time never checked.
#  File has not been updated.

# Not a target:
ft_bzero.o:
#  Implicit rule search has not been done.
#  Modification time never checked.
#  File has not been updated.

bonus:
#  Phony target (prerequisite of .PHONY).
#  Implicit rule search has not been done.
#  File does not exist.
#  File has not been updated.
#  commands to execute (from `Makefile', line 100):
	make WITH_BONUS=1 all
	

# Not a target:
ft_putnbr_fd.o:
#  Implicit rule search has not been done.
#  Modification time never checked.
#  File has not been updated.

fclean:
#  Phony target (prerequisite of .PHONY).
#  Implicit rule search has not been done.
#  File does not exist.
#  File has not been updated.
#  commands to execute (from `Makefile', line 95):
	$(RM) $(NAME) $(PART1_OBJECTS) $(PART2_OBJECTS) $(BONUS_OBJECTS)
	

# Not a target:
ft_calloc.o:
#  Implicit rule search has not been done.
#  Modification time never checked.
#  File has not been updated.

# Not a target:
ft_substr.o:
#  Implicit rule search has not been done.
#  Modification time never checked.
#  File has not been updated.

# Not a target:
ft_isalpha.o:
#  Implicit rule search has not been done.
#  Modification time never checked.
#  File has not been updated.

# Not a target:
.DEFAULT:
#  Implicit rule search has not been done.
#  Modification time never checked.
#  File has not been updated.

# Not a target:
ft_strlcpy.o:
#  Implicit rule search has not been done.
#  Modification time never checked.
#  File has not been updated.

# Not a target:
ft_strncmp.o:
#  Implicit rule search has not been done.
#  Modification time never checked.
#  File has not been updated.

re: fclean all
#  Phony target (prerequisite of .PHONY).
#  Implicit rule search has not been done.
#  File does not exist.
#  File has not been updated.

clean:
#  Phony target (prerequisite of .PHONY).
#  Implicit rule search has not been done.
#  File does not exist.
#  File has not been updated.
#  commands to execute (from `Makefile', line 92):
	$(RM) $(PART1_OBJECTS) $(PART2_OBJECTS) $(BONUS_OBJECTS)
	

# Not a target:
ft_isalnum.o:
#  Implicit rule search has not been done.
#  Modification time never checked.
#  File has not been updated.

# Not a target:
ft_isascii.o:
#  Implicit rule search has not been done.
#  Modification time never checked.
#  File has not been updated.

# Not a target:
ft_strdup.o:
#  Implicit rule search has not been done.
#  Modification time never checked.
#  File has not been updated.

# Not a target:
ft_memmove.o:
#  Implicit rule search has not been done.
#  Modification time never checked.
#  File has not been updated.

# Not a target:
ft_strchr.o:
#  Implicit rule search has not been done.
#  Modification time never checked.
#  File has not been updated.

# Not a target:
ft_toupper.o:
#  Implicit rule search has not been done.
#  Modification time never checked.
#  File has not been updated.

# Not a target:
ft_strnstr.o:
#  Implicit rule search has not been done.
#  Modification time never checked.
#  File has not been updated.

# Not a target:
ft_putstr_fd.o:
#  Implicit rule search has not been done.
#  Modification time never checked.
#  File has not been updated.

# Not a target:
ft_memset.o:
#  Implicit rule search has not been done.
#  Modification time never checked.
#  File has not been updated.

# Not a target:
ft_putchar_fd.o:
#  Implicit rule search has not been done.
#  Modification time never checked.
#  File has not been updated.

ft_atoi.o: ft_atoi.c
#  Implicit rule search has been done.
#  Implicit/static pattern stem: `ft_atoi'
#  File does not exist.
#  File has been updated.
#  Needs to be updated (-q is set).
# automatic
# @ := ft_atoi.o
# automatic
# % := 
# automatic
# * := ft_atoi
# automatic
# + := ft_atoi.c
# automatic
# | := 
# automatic
# < := ft_atoi.c
# automatic
# ^ := ft_atoi.c
# automatic
# ? := ft_atoi.c
# variable set hash-table stats:
# Load=8/32=25%, Rehash=0, Collisions=1/13=8%
#  commands to execute (from `Makefile', line 86):
	$(CC) $(CFLAGS) $^
	

# Not a target:
ft_strtrim.o:
#  Implicit rule search has not been done.
 
#  Modification time never checked.
#  File has not been updated.

# Not a target:
ft_putendl_fd.o:
#  Implicit rule search has not been done.
#  Modification time never checked.
#  File has not been updated.

# files hash-table stats:
# Load=45/1024=4%, Rehash=0, Collisions=6/103=6%
# VPATH Search Paths

# No `vpath' search paths.

# No general (`VPATH' variable) search path.

# # of strings in strcache: 1
# # of strcache buffers: 1
# strcache size: total = 4096 / max = 4096 / min = 4096 / avg = 4096
# strcache free: total = 4087 / max = 4087 / min = 4087 / avg = 4087

# Finished Make data base on Wed Oct  5 16:55:29 2022

 
